2025-01-28T12:03:44.215+05:30  INFO 6604 --- [com.week4.prod-ready-features] [main] c.w.p.c.w.p.ApplicationTests             : Starting ApplicationTests using Java 23.0.1 with PID 6604 (started by 280751 in C:\Users\280751\Downloads\Codingshuttle\com.week4.prod-ready-features)
2025-01-28T12:03:44.226+05:30  INFO 6604 --- [com.week4.prod-ready-features] [main] c.w.p.c.w.p.ApplicationTests             : No active profile set, falling back to 1 default profile: "default"
2025-01-28T12:03:44.963+05:30  INFO 6604 --- [com.week4.prod-ready-features] [main] .s.d.r.c.RepositoryConfigurationDelegate : Bootstrapping Spring Data JPA repositories in DEFAULT mode.
2025-01-28T12:03:45.032+05:30  INFO 6604 --- [com.week4.prod-ready-features] [main] .s.d.r.c.RepositoryConfigurationDelegate : Finished Spring Data repository scanning in 59 ms. Found 1 JPA repository interface.
2025-01-28T12:03:45.533+05:30  INFO 6604 --- [com.week4.prod-ready-features] [main] com.zaxxer.hikari.HikariDataSource       : HikariPool-1 - Starting...
2025-01-28T12:03:45.716+05:30  INFO 6604 --- [com.week4.prod-ready-features] [main] com.zaxxer.hikari.pool.HikariPool        : HikariPool-1 - Added connection conn0: url=jdbc:h2:mem:testdb user=NAGENDRA
2025-01-28T12:03:45.722+05:30  INFO 6604 --- [com.week4.prod-ready-features] [main] com.zaxxer.hikari.HikariDataSource       : HikariPool-1 - Start completed.
2025-01-28T12:03:45.804+05:30  INFO 6604 --- [com.week4.prod-ready-features] [main] o.hibernate.jpa.internal.util.LogHelper  : HHH000204: Processing PersistenceUnitInfo [name: default]
2025-01-28T12:03:45.899+05:30  INFO 6604 --- [com.week4.prod-ready-features] [main] org.hibernate.Version                    : HHH000412: Hibernate ORM core version 6.6.4.Final
2025-01-28T12:03:45.949+05:30  INFO 6604 --- [com.week4.prod-ready-features] [main] o.h.c.internal.RegionFactoryInitiator    : HHH000026: Second-level cache disabled
2025-01-28T12:03:46.075+05:30  INFO 6604 --- [com.week4.prod-ready-features] [main] o.h.e.boot.internal.EnversServiceImpl    : Envers integration enabled? : true
2025-01-28T12:03:46.307+05:30  INFO 6604 --- [com.week4.prod-ready-features] [main] o.s.o.j.p.SpringPersistenceUnitInfo      : No LoadTimeWeaver setup: ignoring JPA class transformer
2025-01-28T12:03:46.370+05:30  INFO 6604 --- [com.week4.prod-ready-features] [main] org.hibernate.orm.connections.pooling    : HHH10001005: Database info:
	Database JDBC URL [Connecting through datasource 'HikariDataSource (HikariPool-1)']
	Database driver: undefined/unknown
	Database version: 2.3.232
	Autocommit mode: undefined/unknown
	Isolation level: undefined/unknown
	Minimum pool size: undefined/unknown
	Maximum pool size: undefined/unknown
2025-01-28T12:03:47.019+05:30  INFO 6604 --- [com.week4.prod-ready-features] [main] o.h.e.t.j.p.i.JtaPlatformInitiator       : HHH000489: No JTA platform available (set 'hibernate.transaction.jta.platform' to enable JTA platform integration)
2025-01-28T12:03:47.037+05:30  INFO 6604 --- [com.week4.prod-ready-features] [main] j.LocalContainerEntityManagerFactoryBean : Initialized JPA EntityManagerFactory for persistence unit 'default'
2025-01-28T12:03:47.622+05:30  WARN 6604 --- [com.week4.prod-ready-features] [main] JpaBaseConfiguration$JpaWebConfiguration : spring.jpa.open-in-view is enabled by default. Therefore, database queries may be performed during view rendering. Explicitly configure spring.jpa.open-in-view to disable this warning
2025-01-28T12:03:48.018+05:30  INFO 6604 --- [com.week4.prod-ready-features] [main] o.s.b.a.h2.H2ConsoleAutoConfiguration    : H2 console available at '/h2-console'. Database available at 'jdbc:h2:mem:testdb'
2025-01-28T12:03:48.113+05:30  INFO 6604 --- [com.week4.prod-ready-features] [main] c.w.p.c.w.p.ApplicationTests             : Started ApplicationTests in 4.268 seconds (process running for 5.305)
2025-01-28T12:03:48.712+05:30 TRACE 6604 --- [com.week4.prod-ready-features] [main] c.w.p.c.w.p.c.impl.EmployeeClientImpl    : entered into create new Employee with EmployeeDTO(id=null, name=Nagendra, email=nag@gamil.com, age=21, role=ADMIN, salary=20000.0, dateOfJoining=2020-11-12, isActive=true)
2025-01-28T12:03:48.893+05:30  INFO 6604 --- [com.week4.prod-ready-features] [SpringApplicationShutdownHook] j.LocalContainerEntityManagerFactoryBean : Closing JPA EntityManagerFactory for persistence unit 'default'
2025-01-28T12:03:48.893+05:30  INFO 6604 --- [com.week4.prod-ready-features] [SpringApplicationShutdownHook] com.zaxxer.hikari.HikariDataSource       : HikariPool-1 - Shutdown initiated...
2025-01-28T12:03:48.893+05:30  INFO 6604 --- [com.week4.prod-ready-features] [SpringApplicationShutdownHook] com.zaxxer.hikari.HikariDataSource       : HikariPool-1 - Shutdown completed.
2025-01-28T12:03:55.273+05:30  INFO 23608 --- [com.week4.prod-ready-features] [main] c.w.p.c.w.p.ApplicationTests             : Starting ApplicationTests using Java 23.0.1 with PID 23608 (started by 280751 in C:\Users\280751\Downloads\Codingshuttle\com.week4.prod-ready-features)
2025-01-28T12:03:55.275+05:30  INFO 23608 --- [com.week4.prod-ready-features] [main] c.w.p.c.w.p.ApplicationTests             : No active profile set, falling back to 1 default profile: "default"
2025-01-28T12:03:56.128+05:30  INFO 23608 --- [com.week4.prod-ready-features] [main] .s.d.r.c.RepositoryConfigurationDelegate : Bootstrapping Spring Data JPA repositories in DEFAULT mode.
2025-01-28T12:03:56.254+05:30  INFO 23608 --- [com.week4.prod-ready-features] [main] .s.d.r.c.RepositoryConfigurationDelegate : Finished Spring Data repository scanning in 113 ms. Found 1 JPA repository interface.
2025-01-28T12:03:56.913+05:30  INFO 23608 --- [com.week4.prod-ready-features] [main] com.zaxxer.hikari.HikariDataSource       : HikariPool-1 - Starting...
2025-01-28T12:03:57.108+05:30  INFO 23608 --- [com.week4.prod-ready-features] [main] com.zaxxer.hikari.pool.HikariPool        : HikariPool-1 - Added connection conn0: url=jdbc:h2:mem:testdb user=NAGENDRA
2025-01-28T12:03:57.110+05:30  INFO 23608 --- [com.week4.prod-ready-features] [main] com.zaxxer.hikari.HikariDataSource       : HikariPool-1 - Start completed.
2025-01-28T12:03:57.206+05:30  INFO 23608 --- [com.week4.prod-ready-features] [main] o.hibernate.jpa.internal.util.LogHelper  : HHH000204: Processing PersistenceUnitInfo [name: default]
2025-01-28T12:03:57.309+05:30  INFO 23608 --- [com.week4.prod-ready-features] [main] org.hibernate.Version                    : HHH000412: Hibernate ORM core version 6.6.4.Final
2025-01-28T12:03:57.350+05:30  INFO 23608 --- [com.week4.prod-ready-features] [main] o.h.c.internal.RegionFactoryInitiator    : HHH000026: Second-level cache disabled
2025-01-28T12:03:57.499+05:30  INFO 23608 --- [com.week4.prod-ready-features] [main] o.h.e.boot.internal.EnversServiceImpl    : Envers integration enabled? : true
2025-01-28T12:03:57.749+05:30  INFO 23608 --- [com.week4.prod-ready-features] [main] o.s.o.j.p.SpringPersistenceUnitInfo      : No LoadTimeWeaver setup: ignoring JPA class transformer
2025-01-28T12:03:57.806+05:30  INFO 23608 --- [com.week4.prod-ready-features] [main] org.hibernate.orm.connections.pooling    : HHH10001005: Database info:
	Database JDBC URL [Connecting through datasource 'HikariDataSource (HikariPool-1)']
	Database driver: undefined/unknown
	Database version: 2.3.232
	Autocommit mode: undefined/unknown
	Isolation level: undefined/unknown
	Minimum pool size: undefined/unknown
	Maximum pool size: undefined/unknown
2025-01-28T12:03:58.450+05:30  INFO 23608 --- [com.week4.prod-ready-features] [main] o.h.e.t.j.p.i.JtaPlatformInitiator       : HHH000489: No JTA platform available (set 'hibernate.transaction.jta.platform' to enable JTA platform integration)
2025-01-28T12:03:58.478+05:30  INFO 23608 --- [com.week4.prod-ready-features] [main] j.LocalContainerEntityManagerFactoryBean : Initialized JPA EntityManagerFactory for persistence unit 'default'
2025-01-28T12:03:59.092+05:30  WARN 23608 --- [com.week4.prod-ready-features] [main] JpaBaseConfiguration$JpaWebConfiguration : spring.jpa.open-in-view is enabled by default. Therefore, database queries may be performed during view rendering. Explicitly configure spring.jpa.open-in-view to disable this warning
2025-01-28T12:03:59.487+05:30  INFO 23608 --- [com.week4.prod-ready-features] [main] o.s.b.a.h2.H2ConsoleAutoConfiguration    : H2 console available at '/h2-console'. Database available at 'jdbc:h2:mem:testdb'
2025-01-28T12:03:59.582+05:30  INFO 23608 --- [com.week4.prod-ready-features] [main] c.w.p.c.w.p.ApplicationTests             : Started ApplicationTests in 4.725 seconds (process running for 5.887)
2025-01-28T12:04:00.158+05:30 TRACE 23608 --- [com.week4.prod-ready-features] [main] c.w.p.c.w.p.c.impl.EmployeeClientImpl    : entered into create new Employee with EmployeeDTO(id=null, name=Nagendra, email=nag@gamil.com, age=21, role=ADMIN, salary=20000.0, dateOfJoining=2020-11-12, isActive=true)
2025-01-28T12:04:00.348+05:30  INFO 23608 --- [com.week4.prod-ready-features] [SpringApplicationShutdownHook] j.LocalContainerEntityManagerFactoryBean : Closing JPA EntityManagerFactory for persistence unit 'default'
2025-01-28T12:04:00.358+05:30  INFO 23608 --- [com.week4.prod-ready-features] [SpringApplicationShutdownHook] com.zaxxer.hikari.HikariDataSource       : HikariPool-1 - Shutdown initiated...
2025-01-28T12:04:00.360+05:30  INFO 23608 --- [com.week4.prod-ready-features] [SpringApplicationShutdownHook] com.zaxxer.hikari.HikariDataSource       : HikariPool-1 - Shutdown completed.
